

*******************************************************************************
Wed Feb  3 01:51:14 2021


FIT:    data read from "rms.txt"
        format = z
        #datapoints = 5
        residuals are weighted equally (unit weight)

function used for fitting: f(x)
	f(x)=m*x+c
fitted parameters initialized with current variable values

iter      chisq       delta/lim  lambda   m             c            
   0 2.5280285570e+01   0.00e+00  3.04e+01    1.000000e+00   1.000000e+00
   5 5.8253699638e+00  -5.63e-04  3.04e-04    1.092894e+00  -1.865625e+00

After 5 iterations the fit converged.
final sum of squares of residuals : 5.82537
rel. change during last iteration : -5.63074e-09

degrees of freedom    (FIT_NDF)                        : 3
rms of residuals      (FIT_STDFIT) = sqrt(WSSR/ndf)    : 1.39348
variance of residuals (reduced chisquare) = WSSR/ndf   : 1.94179

Final set of parameters            Asymptotic Standard Error
=======================            ==========================
m               = 1.09289          +/- 0.03123      (2.857%)
c               = -1.86563         +/- 1.343        (71.99%)

correlation matrix of the fit parameters:
                m      c      
m               1.000 
c              -0.886  1.000 
